0 info it worked if it ends with ok
1 verbose cli [ 'C:\\Program Files\\nodejs\\node.exe',
1 verbose cli   'C:\\Program Files\\nodejs\\node_modules\\npm\\bin\\npm-cli.js',
1 verbose cli   'install',
1 verbose cli   '-g',
1 verbose cli   'jsinspect' ]
2 info using npm@2.15.1
3 info using node@v4.4.4
4 verbose install initial load of C:\Users\I329624\AppData\Roaming\npm\package.json
5 verbose readDependencies loading dependencies from C:\Users\I329624\AppData\Roaming\npm\package.json
6 silly cache add args [ 'jsinspect', null ]
7 verbose cache add spec jsinspect
8 silly cache add parsed spec Result {
8 silly cache add   raw: 'jsinspect',
8 silly cache add   scope: null,
8 silly cache add   name: 'jsinspect',
8 silly cache add   rawSpec: '',
8 silly cache add   spec: 'latest',
8 silly cache add   type: 'tag' }
9 silly addNamed jsinspect@latest
10 verbose addNamed "latest" is being treated as a dist-tag for jsinspect
11 info addNameTag [ 'jsinspect', 'latest' ]
12 silly mapToRegistry name jsinspect
13 silly mapToRegistry using default registry
14 silly mapToRegistry registry http://registry.npmjs.org/
15 silly mapToRegistry data Result {
15 silly mapToRegistry   raw: 'jsinspect',
15 silly mapToRegistry   scope: null,
15 silly mapToRegistry   name: 'jsinspect',
15 silly mapToRegistry   rawSpec: '',
15 silly mapToRegistry   spec: 'latest',
15 silly mapToRegistry   type: 'tag' }
16 silly mapToRegistry uri http://registry.npmjs.org/jsinspect
17 verbose addNameTag registry:http://registry.npmjs.org/jsinspect not in flight; fetching
18 verbose request uri http://registry.npmjs.org/jsinspect
19 verbose request no auth needed
20 info attempt registry request try #1 at 10:47:49 AM
21 verbose request id f0c54e52800f33cc
22 http request GET http://registry.npmjs.org/jsinspect
23 info retry will retry, error on last attempt: Error: connect ECONNABORTED 103.245.222.162:80
24 info attempt registry request try #2 at 10:48:05 AM
25 http request GET http://registry.npmjs.org/jsinspect
26 info retry will retry, error on last attempt: Error: getaddrinfo ENOTFOUND registry.npmjs.org registry.npmjs.org:80
27 info attempt registry request try #3 at 10:49:16 AM
28 http request GET http://registry.npmjs.org/jsinspect
29 verbose stack Error: getaddrinfo ENOTFOUND registry.npmjs.org registry.npmjs.org:80
29 verbose stack     at errnoException (dns.js:27:10)
29 verbose stack     at GetAddrInfoReqWrap.onlookup [as oncomplete] (dns.js:78:26)
30 verbose cwd C:\Users\I329624\Desktop\hackathon\hackathon-AssetManagement\AssetManager
31 error Windows_NT 10.0.10586
32 error argv "C:\\Program Files\\nodejs\\node.exe" "C:\\Program Files\\nodejs\\node_modules\\npm\\bin\\npm-cli.js" "install" "-g" "jsinspect"
33 error node v4.4.4
34 error npm  v2.15.1
35 error code ENOTFOUND
36 error errno ENOTFOUND
37 error syscall getaddrinfo
38 error network getaddrinfo ENOTFOUND registry.npmjs.org registry.npmjs.org:80
38 error network This is most likely not a problem with npm itself
38 error network and is related to network connectivity.
38 error network In most cases you are behind a proxy or have bad network settings.
38 error network
38 error network If you are behind a proxy, please make sure that the
38 error network 'proxy' config is set properly.  See: 'npm help config'
39 verbose exit [ 1, true ]
